This file contains any messages produced by compilers while
running configure, to aid debugging if configure makes a mistake.

It was created by DVC configure 0, which was
generated by GNU Autoconf 2.61.  Invocation command line was

  $ ../configure --prefix=/home/phible/.emacs.d/packages/dvc-src/build --with-emacs=/usr/local/bin/emacs

## --------- ##
## Platform. ##
## --------- ##

hostname = intelectus
uname -m = x86_64
uname -r = 2.6.27-11-generic
uname -s = Linux
uname -v = #1 SMP Tue Jan 27 23:53:21 UTC 2009

/usr/bin/uname -p = unknown
/bin/uname -X     = unknown

/bin/arch              = unknown
/usr/bin/arch -k       = unknown
/usr/convex/getsysinfo = unknown
/usr/bin/hostinfo      = unknown
/bin/machine           = unknown
/usr/bin/oslevel       = unknown
/bin/universe          = unknown

PATH: /usr/lib/ccache
PATH: /sbin
PATH: /usr/sbin
PATH: /home/phible/.bin
PATH: /opt/bin
PATH: /home/phible/.local/bin
PATH: /usr/local/sbin
PATH: /usr/local/bin
PATH: /usr/sbin
PATH: /usr/bin
PATH: /sbin
PATH: /bin
PATH: /usr/games
PATH: /opt/local/bin
PATH: /opt/local/sbin
PATH: /sw/bin
PATH: /sw/sbin
PATH: /home/phible/projects/fx/scripts


## ----------- ##
## Core tests. ##
## ----------- ##

configure:1660: checking whether make sets $(MAKE)
configure:1681: result: yes
configure:1734: checking for a BSD-compatible install
configure:1790: result: /usr/bin/install -c
configure:1801: checking for a thread-safe mkdir -p
configure:1840: result: /bin/mkdir -p
configure:1904: checking emacs-type of /usr/local/bin/emacs
configure:1911: result: emacs
configure:1921: checking where .elc files should go
configure:1941: result: $(prefix)/share/emacs/site-lisp/dvc
configure:1949: checking where the TeXinfo docs should go
configure:1960: result: ${datarootdir}/info
configure:1973: checking for tla
configure:2003: result: no
configure:2021: checking for baz
configure:2051: result: no
configure:2061: checking arch branch to use
configure:2076: result: none
configure:2089: checking for diff
configure:2105: found /usr/bin/diff
configure:2116: result: diff
configure:2141: checking for patch
configure:2157: found /usr/bin/patch
configure:2168: result: patch
configure:2194: checking whether tree-widget is in the load-path
configure:2205: result: yes
configure:2350: creating ./config.status

## ---------------------- ##
## Running config.status. ##
## ---------------------- ##

This file was extended by DVC config.status 0, which was
generated by GNU Autoconf 2.61.  Invocation command line was

  CONFIG_FILES    = 
  CONFIG_HEADERS  = 
  CONFIG_LINKS    = 
  CONFIG_COMMANDS = 
  $ ./config.status 

on intelectus

config.status:584: creating Makefile
config.status:584: creating lisp/Makefile
config.status:584: creating texinfo/Makefile
config.status:584: creating dvc-load.el
config.status:584: creating lisp/dvc-site.el

## ---------------- ##
## Cache variables. ##
## ---------------- ##

ac_cv_env_build_alias_set=
ac_cv_env_build_alias_value=
ac_cv_env_host_alias_set=
ac_cv_env_host_alias_value=
ac_cv_env_target_alias_set=
ac_cv_env_target_alias_value=
ac_cv_path_install='/usr/bin/install -c'
ac_cv_path_mkdir=/bin/mkdir
ac_cv_prog_DIFF=diff
ac_cv_prog_PATCH=patch
ac_cv_prog_make_make_set=yes

## ----------------- ##
## Output variables. ##
## ----------------- ##

ARCH_BRANCH='none'
BAZ=''
DEFS='-DPACKAGE_NAME=\"DVC\" -DPACKAGE_TARNAME=\"dvc\" -DPACKAGE_VERSION=\"0\" -DPACKAGE_STRING=\"DVC\ 0\" -DPACKAGE_BUGREPORT=\"dvc-dev@gna.org\"'
DIFF='diff'
ECHO_C=''
ECHO_N='-n'
ECHO_T=''
EMACS_PROG='/usr/local/bin/emacs'
FLAGS='--no-site-file'
INSTALL_DATA='${INSTALL} -m 644'
INSTALL_PROGRAM='${INSTALL}'
INSTALL_SCRIPT='${INSTALL}'
LIBOBJS=''
LIBS=''
LTLIBOBJS=''
OTHERDIRS=''
PACKAGE_BUGREPORT='dvc-dev@gna.org'
PACKAGE_NAME='DVC'
PACKAGE_STRING='DVC 0'
PACKAGE_TARNAME='dvc'
PACKAGE_VERSION='0'
PATCH='patch'
PATH_SEPARATOR=':'
SET_MAKE=''
SHELL='/bin/bash'
TLA=''
bindir='${exec_prefix}/bin'
build_alias=''
datadir='$(prefix)/share'
datarootdir='${prefix}/share'
docdir='${datarootdir}/doc/${PACKAGE_TARNAME}'
dvidir='${docdir}'
exec_prefix='${prefix}'
host_alias=''
htmldir='${docdir}'
includedir='${prefix}/include'
info_dir='${datarootdir}/info'
infodir='${datarootdir}/info'
libdir='${exec_prefix}/lib'
libexecdir='${exec_prefix}/libexec'
lispdir='$(prefix)/share/emacs/site-lisp/dvc'
localedir='${datarootdir}/locale'
localstatedir='${prefix}/var'
mandir='${datarootdir}/man'
oldincludedir='/usr/include'
pdfdir='${docdir}'
prefix='/home/phible/.emacs.d/packages/dvc-src/build'
program_transform_name='s,x,x,'
psdir='${docdir}'
sbindir='${exec_prefix}/sbin'
sharedstatedir='${prefix}/com'
sysconfdir='${prefix}/etc'
target_alias=''

## ----------- ##
## confdefs.h. ##
## ----------- ##

#define PACKAGE_NAME "DVC"
#define PACKAGE_TARNAME "dvc"
#define PACKAGE_VERSION "0"
#define PACKAGE_STRING "DVC 0"
#define PACKAGE_BUGREPORT "dvc-dev@gna.org"

configure: exit 0
